# JRE version: Java(TM) SE Runtime Environment (8.0_221-b11) (build 1.8.0_221-b11)
# Java VM: Java HotSpot(TM) 64-Bit Server VM (25.221-b11 mixed mode windows-amd64 compressed oops)
Heap:
 PSYoungGen      total 137216K, used 31623K [0x00000000f5580000, 0x00000000ffb00000, 0x0000000100000000)
  eden space 103424K, 17% used [0x00000000f5580000,0x00000000f6774058,0x00000000fba80000)
  from space 33792K, 39% used [0x00000000fda00000,0x00000000fe6edc60,0x00000000ffb00000)
  to   space 32256K, 0% used [0x00000000fba80000,0x00000000fba80000,0x00000000fda00000)
 ParOldGen       total 337408K, used 126093K [0x00000000e0000000, 0x00000000f4980000, 0x00000000f5580000)
  object space 337408K, 37% used [0x00000000e0000000,0x00000000e7b236a0,0x00000000f4980000)
 Metaspace       used 108790K, capacity 116293K, committed 116480K, reserved 1150976K
  class space    used 14431K, capacity 15870K, committed 15872K, reserved 1048576K
GC Heap History (10 events):
Event: 3630.976 GC heap before
{Heap before GC invocations=32 (full 4):
 PSYoungGen      total 103424K, used 103214K [0x00000000f5580000, 0x00000000ffd00000, 0x0000000100000000)
  eden space 91648K, 100% used [0x00000000f5580000,0x00000000faf00000,0x00000000faf00000)
  from space 11776K, 98% used [0x00000000faf00000,0x00000000fba4b8a8,0x00000000fba80000)
  to   space 39936K, 0% used [0x00000000fd600000,0x00000000fd600000,0x00000000ffd00000)
 ParOldGen       total 337408K, used 93330K [0x00000000e0000000, 0x00000000f4980000, 0x00000000f5580000)
  object space 337408K, 27% used [0x00000000e0000000,0x00000000e5b24990,0x00000000f4980000)
 Metaspace       used 105396K, capacity 112549K, committed 112640K, reserved 1146880K
  class space    used 13961K, capacity 15326K, committed 15360K, reserved 1048576K
Event: 3631.132 GC heap after
Heap after GC invocations=32 (full 4):
 PSYoungGen      total 133120K, used 11059K [0x00000000f5580000, 0x0000000100000000, 0x0000000100000000)
  eden space 93184K, 0% used [0x00000000f5580000,0x00000000f5580000,0x00000000fb080000)
  from space 39936K, 27% used [0x00000000fd600000,0x00000000fe0cccd0,0x00000000ffd00000)
  to   space 38400K, 0% used [0x00000000fb080000,0x00000000fb080000,0x00000000fd600000)
 ParOldGen       total 337408K, used 97842K [0x00000000e0000000, 0x00000000f4980000, 0x00000000f5580000)
  object space 337408K, 28% used [0x00000000e0000000,0x00000000e5f8c8b0,0x00000000f4980000)
 Metaspace       used 105396K, capacity 112549K, committed 112640K, reserved 1146880K
  class space    used 13961K, capacity 15326K, committed 15360K, reserved 1048576K
}
Event: 3679.305 GC heap before
{Heap before GC invocations=33 (full 4):
 PSYoungGen      total 133120K, used 104243K [0x00000000f5580000, 0x0000000100000000, 0x0000000100000000)
  eden space 93184K, 100% used [0x00000000f5580000,0x00000000fb080000,0x00000000fb080000)
  from space 39936K, 27% used [0x00000000fd600000,0x00000000fe0cccd0,0x00000000ffd00000)
  to   space 38400K, 0% used [0x00000000fb080000,0x00000000fb080000,0x00000000fd600000)
 ParOldGen       total 337408K, used 97842K [0x00000000e0000000, 0x00000000f4980000, 0x00000000f5580000)
  object space 337408K, 28% used [0x00000000e0000000,0x00000000e5f8c8b0,0x00000000f4980000)
 Metaspace       used 106915K, capacity 114197K, committed 114432K, reserved 1148928K
  class space    used 14179K, capacity 15586K, committed 15616K, reserved 1048576K
Event: 3680.051 GC heap after
Heap after GC invocations=33 (full 4):
 PSYoungGen      total 131584K, used 13729K [0x00000000f5580000, 0x00000000ffb80000, 0x0000000100000000)
  eden space 93184K, 0% used [0x00000000f5580000,0x00000000f5580000,0x00000000fb080000)
  from space 38400K, 35% used [0x00000000fb080000,0x00000000fbde86e8,0x00000000fd600000)
  to   space 36864K, 0% used [0x00000000fd780000,0x00000000fd780000,0x00000000ffb80000)
 ParOldGen       total 337408K, used 102700K [0x00000000e0000000, 0x00000000f4980000, 0x00000000f5580000)
  object space 337408K, 30% used [0x00000000e0000000,0x00000000e644b350,0x00000000f4980000)
 Metaspace       used 106915K, capacity 114197K, committed 114432K, reserved 1148928K
  class space    used 14179K, capacity 15586K, committed 15616K, reserved 1048576K
}
Event: 3858.785 GC heap before
{Heap before GC invocations=34 (full 4):
 PSYoungGen      total 131584K, used 106913K [0x00000000f5580000, 0x00000000ffb80000, 0x0000000100000000)
  eden space 93184K, 100% used [0x00000000f5580000,0x00000000fb080000,0x00000000fb080000)
  from space 38400K, 35% used [0x00000000fb080000,0x00000000fbde86e8,0x00000000fd600000)
  to   space 36864K, 0% used [0x00000000fd780000,0x00000000fd780000,0x00000000ffb80000)
 ParOldGen       total 337408K, used 102700K [0x00000000e0000000, 0x00000000f4980000, 0x00000000f5580000)
  object space 337408K, 30% used [0x00000000e0000000,0x00000000e644b350,0x00000000f4980000)
 Metaspace       used 108430K, capacity 115891K, committed 115968K, reserved 1148928K
  class space    used 14411K, capacity 15847K, committed 15872K, reserved 1048576K
Event: 3859.016 GC heap after
Heap after GC invocations=34 (full 4):
 PSYoungGen      total 134144K, used 9769K [0x00000000f5580000, 0x00000000ffc80000, 0x0000000100000000)
  eden space 97280K, 0% used [0x00000000f5580000,0x00000000f5580000,0x00000000fb480000)
  from space 36864K, 26% used [0x00000000fd780000,0x00000000fe10a748,0x00000000ffb80000)
  to   space 35840K, 0% used [0x00000000fb480000,0x00000000fb480000,0x00000000fd780000)
 ParOldGen       total 337408K, used 104799K [0x00000000e0000000, 0x00000000f4980000, 0x00000000f5580000)
  object space 337408K, 31% used [0x00000000e0000000,0x00000000e6657f40,0x00000000f4980000)
 Metaspace       used 108430K, capacity 115891K, committed 115968K, reserved 1148928K
  class space    used 14411K, capacity 15847K, committed 15872K, reserved 1048576K
}
Event: 3864.715 GC heap before
{Heap before GC invocations=35 (full 4):
 PSYoungGen      total 134144K, used 107049K [0x00000000f5580000, 0x00000000ffc80000, 0x0000000100000000)
  eden space 97280K, 100% used [0x00000000f5580000,0x00000000fb480000,0x00000000fb480000)
  from space 36864K, 26% used [0x00000000fd780000,0x00000000fe10a748,0x00000000ffb80000)
  to   space 35840K, 0% used [0x00000000fb480000,0x00000000fb480000,0x00000000fd780000)
 ParOldGen       total 337408K, used 104799K [0x00000000e0000000, 0x00000000f4980000, 0x00000000f5580000)
  object space 337408K, 31% used [0x00000000e0000000,0x00000000e6657f40,0x00000000f4980000)
 Metaspace       used 108589K, capacity 116059K, committed 116224K, reserved 1148928K
  class space    used 14422K, capacity 15863K, committed 15872K, reserved 1048576K
Event: 3864.845 GC heap after
Heap after GC invocations=35 (full 4):
 PSYoungGen      total 133120K, used 14400K [0x00000000f5580000, 0x00000000ffb00000, 0x0000000100000000)
  eden space 97280K, 0% used [0x00000000f5580000,0x00000000f5580000,0x00000000fb480000)
  from space 35840K, 40% used [0x00000000fb480000,0x00000000fc290020,0x00000000fd780000)
  to   space 33792K, 0% used [0x00000000fda00000,0x00000000fda00000,0x00000000ffb00000)
 ParOldGen       total 337408K, used 112902K [0x00000000e0000000, 0x00000000f4980000, 0x00000000f5580000)
  object space 337408K, 33% used [0x00000000e0000000,0x00000000e6e41828,0x00000000f4980000)
 Metaspace       used 108589K, capacity 116059K, committed 116224K, reserved 1148928K
  class space    used 14422K, capacity 15863K, committed 15872K, reserved 1048576K
}
Event: 3921.012 GC heap before
{Heap before GC invocations=36 (full 4):
 PSYoungGen      total 133120K, used 111680K [0x00000000f5580000, 0x00000000ffb00000, 0x0000000100000000)
  eden space 97280K, 100% used [0x00000000f5580000,0x00000000fb480000,0x00000000fb480000)
  from space 35840K, 40% used [0x00000000fb480000,0x00000000fc290020,0x00000000fd780000)
  to   space 33792K, 0% used [0x00000000fda00000,0x00000000fda00000,0x00000000ffb00000)
 ParOldGen       total 337408K, used 112902K [0x00000000e0000000, 0x00000000f4980000, 0x00000000f5580000)
  object space 337408K, 33% used [0x00000000e0000000,0x00000000e6e41828,0x00000000f4980000)
 Metaspace       used 108769K, capacity 116225K, committed 116480K, reserved 1150976K
  class space    used 14431K, capacity 15870K, committed 15872K, reserved 1048576K
Event: 3921.138 GC heap after
Heap after GC invocations=36 (full 4):
 PSYoungGen      total 137216K, used 13239K [0x00000000f5580000, 0x00000000ffb00000, 0x0000000100000000)
  eden space 103424K, 0% used [0x00000000f5580000,0x00000000f5580000,0x00000000fba80000)
  from space 33792K, 39% used [0x00000000fda00000,0x00000000fe6edc60,0x00000000ffb00000)
  to   space 32256K, 0% used [0x00000000fba80000,0x00000000fba80000,0x00000000fda00000)
 ParOldGen       total 337408K, used 126093K [0x00000000e0000000, 0x00000000f4980000, 0x00000000f5580000)
  object space 337408K, 37% used [0x00000000e0000000,0x00000000e7b236a0,0x00000000f4980000)
 Metaspace       used 108769K, capacity 116225K, committed 116480K, reserved 1150976K
  class space    used 14431K, capacity 15870K, committed 15872K, reserved 1048576K
}

