# JRE version: Java(TM) SE Runtime Environment (8.0_221-b11) (build 1.8.0_221-b11)
# Java VM: Java HotSpot(TM) 64-Bit Server VM (25.221-b11 mixed mode windows-amd64 compressed oops)
Heap:
 PSYoungGen      total 128000K, used 16732K [0x00000000eb500000, 0x00000000f6400000, 0x0000000100000000)
  eden space 93184K, 17% used [0x00000000eb500000,0x00000000ec5573d0,0x00000000f1000000)
  from space 34816K, 0% used [0x00000000f1000000,0x00000000f1000000,0x00000000f3200000)
  to   space 32768K, 0% used [0x00000000f4400000,0x00000000f4400000,0x00000000f6400000)
 ParOldGen       total 84992K, used 69484K [0x00000000c1e00000, 0x00000000c7100000, 0x00000000eb500000)
  object space 84992K, 81% used [0x00000000c1e00000,0x00000000c61db200,0x00000000c7100000)
 Metaspace       used 58003K, capacity 59196K, committed 59284K, reserved 1101824K
  class space    used 6881K, capacity 7160K, committed 7168K, reserved 1048576K
GC Heap History (10 events):
Event: 11.743 GC heap before
{Heap before GC invocations=12 (full 2):
 PSYoungGen      total 82432K, used 76672K [0x00000000eb500000, 0x00000000f2b80000, 0x0000000100000000)
  eden space 63488K, 100% used [0x00000000eb500000,0x00000000ef300000,0x00000000ef300000)
  from space 18944K, 69% used [0x00000000ef300000,0x00000000effe0230,0x00000000f0580000)
  to   space 19456K, 0% used [0x00000000f1880000,0x00000000f1880000,0x00000000f2b80000)
 ParOldGen       total 84992K, used 31149K [0x00000000c1e00000, 0x00000000c7100000, 0x00000000eb500000)
  object space 84992K, 36% used [0x00000000c1e00000,0x00000000c3c6b430,0x00000000c7100000)
 Metaspace       used 45531K, capacity 46270K, committed 46720K, reserved 1089536K
  class space    used 5498K, capacity 5685K, committed 5760K, reserved 1048576K
Event: 11.770 GC heap after
Heap after GC invocations=12 (full 2):
 PSYoungGen      total 98816K, used 19425K [0x00000000eb500000, 0x00000000f2f80000, 0x0000000100000000)
  eden space 79360K, 0% used [0x00000000eb500000,0x00000000eb500000,0x00000000f0280000)
  from space 19456K, 99% used [0x00000000f1880000,0x00000000f2b784d8,0x00000000f2b80000)
  to   space 22528K, 0% used [0x00000000f0280000,0x00000000f0280000,0x00000000f1880000)
 ParOldGen       total 84992K, used 31724K [0x00000000c1e00000, 0x00000000c7100000, 0x00000000eb500000)
  object space 84992K, 37% used [0x00000000c1e00000,0x00000000c3cfb0a8,0x00000000c7100000)
 Metaspace       used 45531K, capacity 46270K, committed 46720K, reserved 1089536K
  class space    used 5498K, capacity 5685K, committed 5760K, reserved 1048576K
}
Event: 13.502 GC heap before
{Heap before GC invocations=13 (full 2):
 PSYoungGen      total 98816K, used 98785K [0x00000000eb500000, 0x00000000f2f80000, 0x0000000100000000)
  eden space 79360K, 100% used [0x00000000eb500000,0x00000000f0280000,0x00000000f0280000)
  from space 19456K, 99% used [0x00000000f1880000,0x00000000f2b784d8,0x00000000f2b80000)
  to   space 22528K, 0% used [0x00000000f0280000,0x00000000f0280000,0x00000000f1880000)
 ParOldGen       total 84992K, used 31724K [0x00000000c1e00000, 0x00000000c7100000, 0x00000000eb500000)
  object space 84992K, 37% used [0x00000000c1e00000,0x00000000c3cfb0a8,0x00000000c7100000)
 Metaspace       used 47375K, capacity 48212K, committed 48512K, reserved 1091584K
  class space    used 5693K, capacity 5894K, committed 6016K, reserved 1048576K
Event: 13.551 GC heap after
Heap after GC invocations=13 (full 2):
 PSYoungGen      total 101888K, used 22504K [0x00000000eb500000, 0x00000000f4d80000, 0x0000000100000000)
  eden space 79360K, 0% used [0x00000000eb500000,0x00000000eb500000,0x00000000f0280000)
  from space 22528K, 99% used [0x00000000f0280000,0x00000000f187a140,0x00000000f1880000)
  to   space 28160K, 0% used [0x00000000f3200000,0x00000000f3200000,0x00000000f4d80000)
 ParOldGen       total 84992K, used 38732K [0x00000000c1e00000, 0x00000000c7100000, 0x00000000eb500000)
  object space 84992K, 45% used [0x00000000c1e00000,0x00000000c43d3188,0x00000000c7100000)
 Metaspace       used 47375K, capacity 48212K, committed 48512K, reserved 1091584K
  class space    used 5693K, capacity 5894K, committed 6016K, reserved 1048576K
}
Event: 16.654 GC heap before
{Heap before GC invocations=14 (full 2):
 PSYoungGen      total 101888K, used 101864K [0x00000000eb500000, 0x00000000f4d80000, 0x0000000100000000)
  eden space 79360K, 100% used [0x00000000eb500000,0x00000000f0280000,0x00000000f0280000)
  from space 22528K, 99% used [0x00000000f0280000,0x00000000f187a140,0x00000000f1880000)
  to   space 28160K, 0% used [0x00000000f3200000,0x00000000f3200000,0x00000000f4d80000)
 ParOldGen       total 84992K, used 38732K [0x00000000c1e00000, 0x00000000c7100000, 0x00000000eb500000)
  object space 84992K, 45% used [0x00000000c1e00000,0x00000000c43d3188,0x00000000c7100000)
 Metaspace       used 54921K, capacity 56046K, committed 56320K, reserved 1099776K
  class space    used 6608K, capacity 6891K, committed 6912K, reserved 1048576K
Event: 16.707 GC heap after
Heap after GC invocations=14 (full 2):
 PSYoungGen      total 121344K, used 28151K [0x00000000eb500000, 0x00000000f5900000, 0x0000000100000000)
  eden space 93184K, 0% used [0x00000000eb500000,0x00000000eb500000,0x00000000f1000000)
  from space 28160K, 99% used [0x00000000f3200000,0x00000000f4d7df50,0x00000000f4d80000)
  to   space 34816K, 0% used [0x00000000f1000000,0x00000000f1000000,0x00000000f3200000)
 ParOldGen       total 84992K, used 46085K [0x00000000c1e00000, 0x00000000c7100000, 0x00000000eb500000)
  object space 84992K, 54% used [0x00000000c1e00000,0x00000000c4b01428,0x00000000c7100000)
 Metaspace       used 54921K, capacity 56046K, committed 56320K, reserved 1099776K
  class space    used 6608K, capacity 6891K, committed 6912K, reserved 1048576K
}
Event: 20.809 GC heap before
{Heap before GC invocations=15 (full 2):
 PSYoungGen      total 121344K, used 89669K [0x00000000eb500000, 0x00000000f5900000, 0x0000000100000000)
  eden space 93184K, 66% used [0x00000000eb500000,0x00000000ef113660,0x00000000f1000000)
  from space 28160K, 99% used [0x00000000f3200000,0x00000000f4d7df50,0x00000000f4d80000)
  to   space 34816K, 0% used [0x00000000f1000000,0x00000000f1000000,0x00000000f3200000)
 ParOldGen       total 84992K, used 46085K [0x00000000c1e00000, 0x00000000c7100000, 0x00000000eb500000)
  object space 84992K, 54% used [0x00000000c1e00000,0x00000000c4b01428,0x00000000c7100000)
 Metaspace       used 57791K, capacity 58978K, committed 59028K, reserved 1101824K
  class space    used 6873K, capacity 7157K, committed 7168K, reserved 1048576K
Event: 20.874 GC heap after
Heap after GC invocations=15 (full 2):
 PSYoungGen      total 128000K, used 15264K [0x00000000eb500000, 0x00000000f6400000, 0x0000000100000000)
  eden space 93184K, 0% used [0x00000000eb500000,0x00000000eb500000,0x00000000f1000000)
  from space 34816K, 43% used [0x00000000f1000000,0x00000000f1ee81d0,0x00000000f3200000)
  to   space 32768K, 0% used [0x00000000f4400000,0x00000000f4400000,0x00000000f6400000)
 ParOldGen       total 84992K, used 63252K [0x00000000c1e00000, 0x00000000c7100000, 0x00000000eb500000)
  object space 84992K, 74% used [0x00000000c1e00000,0x00000000c5bc5380,0x00000000c7100000)
 Metaspace       used 57791K, capacity 58978K, committed 59028K, reserved 1101824K
  class space    used 6873K, capacity 7157K, committed 7168K, reserved 1048576K
}
Event: 20.874 GC heap before
{Heap before GC invocations=16 (full 3):
 PSYoungGen      total 128000K, used 15264K [0x00000000eb500000, 0x00000000f6400000, 0x0000000100000000)
  eden space 93184K, 0% used [0x00000000eb500000,0x00000000eb500000,0x00000000f1000000)
  from space 34816K, 43% used [0x00000000f1000000,0x00000000f1ee81d0,0x00000000f3200000)
  to   space 32768K, 0% used [0x00000000f4400000,0x00000000f4400000,0x00000000f6400000)
 ParOldGen       total 84992K, used 63252K [0x00000000c1e00000, 0x00000000c7100000, 0x00000000eb500000)
  object space 84992K, 74% used [0x00000000c1e00000,0x00000000c5bc5380,0x00000000c7100000)
 Metaspace       used 57791K, capacity 58978K, committed 59028K, reserved 1101824K
  class space    used 6873K, capacity 7157K, committed 7168K, reserved 1048576K
Event: 21.413 GC heap after
Heap after GC invocations=16 (full 3):
 PSYoungGen      total 128000K, used 0K [0x00000000eb500000, 0x00000000f6400000, 0x0000000100000000)
  eden space 93184K, 0% used [0x00000000eb500000,0x00000000eb500000,0x00000000f1000000)
  from space 34816K, 0% used [0x00000000f1000000,0x00000000f1000000,0x00000000f3200000)
  to   space 32768K, 0% used [0x00000000f4400000,0x00000000f4400000,0x00000000f6400000)
 ParOldGen       total 84992K, used 69484K [0x00000000c1e00000, 0x00000000c7100000, 0x00000000eb500000)
  object space 84992K, 81% used [0x00000000c1e00000,0x00000000c61db200,0x00000000c7100000)
 Metaspace       used 57791K, capacity 58978K, committed 59028K, reserved 1101824K
  class space    used 6873K, capacity 7157K, committed 7168K, reserved 1048576K
}

